<?xml version="1.0" encoding="UTF-8" ?>
<testsuite tests="2" failures="1" name="TestSuite" time="58.11" errors="0" skipped="0">
  <properties>
    <property name="java.runtime.name" value="OpenJDK Runtime Environment"/>
    <property name="java.vm.version" value="15.0.2+7-27"/>
    <property name="sun.boot.library.path" value="C:\Users\Dell\.p2\pool\plugins\org.eclipse.justj.openjdk.hotspot.jre.full.win32.x86_64_15.0.2.v20210201-0955\jre\bin"/>
    <property name="maven.multiModuleProjectDirectory" value="C:\Users\Dell\eclipse-workspace-Maven_Sample\Zoop"/>
    <property name="java.vm.vendor" value="Oracle Corporation"/>
    <property name="java.vendor.url" value="https://java.oracle.com/"/>
    <property name="guice.disable.misplaced.annotation.check" value="true"/>
    <property name="path.separator" value=";"/>
    <property name="java.vm.name" value="OpenJDK 64-Bit Server VM"/>
    <property name="sun.os.patch.level" value=""/>
    <property name="user.script" value=""/>
    <property name="user.country" value="US"/>
    <property name="sun.java.launcher" value="SUN_STANDARD"/>
    <property name="java.vm.specification.name" value="Java Virtual Machine Specification"/>
    <property name="user.dir" value="C:\Users\Dell\eclipse-workspace-Maven_Sample\Zoop"/>
    <property name="java.vm.compressedOopsMode" value="32-bit"/>
    <property name="java.runtime.version" value="15.0.2+7-27"/>
    <property name="os.arch" value="amd64"/>
    <property name="java.io.tmpdir" value="C:\Users\Dell\AppData\Local\Temp\"/>
    <property name="line.separator" value="
"/>
    <property name="java.vm.specification.vendor" value="Oracle Corporation"/>
    <property name="user.variant" value=""/>
    <property name="os.name" value="Windows 10"/>
    <property name="classworlds.conf" value="C:\Users\Dell\eclipse-workspace-Maven_Sample\.metadata\.plugins\org.eclipse.m2e.launching\launches\m2conf173900865537267931.tmp"/>
    <property name="sun.jnu.encoding" value="Cp1252"/>
    <property name="java.library.path" value="C:\Users\Dell\.p2\pool\plugins\org.eclipse.justj.openjdk.hotspot.jre.full.win32.x86_64_15.0.2.v20210201-0955\jre\bin;C:\Windows\Sun\Java\bin;C:\Windows\system32;C:\Windows;C:/Users/Dell/.p2/pool/plugins/org.eclipse.justj.openjdk.hotspot.jre.full.win32.x86_64_15.0.2.v20210201-0955/jre/bin/server;C:/Users/Dell/.p2/pool/plugins/org.eclipse.justj.openjdk.hotspot.jre.full.win32.x86_64_15.0.2.v20210201-0955/jre/bin;C:\Program Files (x86)\Common Files\Oracle\Java\javapath;C:\Windows\system32;C:\Windows;C:\Windows\System32\Wbem;C:\Windows\System32\WindowsPowerShell\v1.0\;C:\Windows\System32\OpenSSH\;C:\Program Files\Java\jdk-9\bin;C:\Program Files\Git\cmd;C:\Program Files\Maven\apache-maven-3.8.1\bin\;C:\Program Files\Maven\apache-maven-3.8.1\;C:\Program Files\Maven\apache-maven-3.8.1\\bin\;C:\Program Files\Java\jdk1.8.0_301;C:\Program Files\Java\jdk1.8.0_301\lib;C:\Program Files\Java\jdk-16.0.1\bin;C:\Windows;;."/>
    <property name="jdk.debug" value="release"/>
    <property name="java.class.version" value="59.0"/>
    <property name="java.specification.name" value="Java Platform API Specification"/>
    <property name="sun.management.compiler" value="HotSpot 64-Bit Tiered Compilers"/>
    <property name="os.version" value="10.0"/>
    <property name="user.home" value="C:\Users\Dell"/>
    <property name="user.timezone" value="Asia/Calcutta"/>
    <property name="file.encoding" value="Cp1252"/>
    <property name="java.specification.version" value="15"/>
    <property name="user.name" value="Dell"/>
    <property name="java.class.path" value="C:\Users\Dell\.p2\pool\plugins\org.eclipse.m2e.maven.runtime_1.16.0.20210129-0849\jars\plexus-classworlds-2.6.0.jar"/>
    <property name="java.vm.specification.version" value="15"/>
    <property name="sun.arch.data.model" value="64"/>
    <property name="sun.java.command" value="org.codehaus.plexus.classworlds.launcher.Launcher -B test"/>
    <property name="java.home" value="C:\Users\Dell\.p2\pool\plugins\org.eclipse.justj.openjdk.hotspot.jre.full.win32.x86_64_15.0.2.v20210201-0955\jre"/>
    <property name="user.language" value="en"/>
    <property name="java.specification.vendor" value="Oracle Corporation"/>
    <property name="java.vm.info" value="mixed mode"/>
    <property name="java.version" value="15.0.2"/>
    <property name="java.vendor" value="Oracle Corporation"/>
    <property name="maven.home" value="C:\Users\Dell\eclipse-workspace-Maven_Sample\Zoop\EMBEDDED"/>
    <property name="file.separator" value="\"/>
    <property name="java.version.date" value="2021-01-19"/>
    <property name="java.vendor.url.bug" value="https://bugreport.java.com/bugreport/"/>
    <property name="sun.io.unicode.encoding" value="UnicodeLittle"/>
    <property name="sun.cpu.endian" value="little"/>
    <property name="sun.cpu.isalist" value="amd64"/>
  </properties>
  <testcase classname="Maven_Sample.Zoop.TC_RC_Valid_Authentication_100" name="APIResponse" time="57.618">
    <failure message="expected [100] but found [108]" type="java.lang.AssertionError">java.lang.AssertionError: expected [100] but found [108]
	at org.testng.Assert.fail(Assert.java:99)
	at org.testng.Assert.failNotEquals(Assert.java:1037)
	at org.testng.Assert.assertEqualsImpl(Assert.java:140)
	at org.testng.Assert.assertEquals(Assert.java:122)
	at org.testng.Assert.assertEquals(Assert.java:629)
	at org.testng.Assert.assertEquals(Assert.java:639)
	at Maven_Sample.Zoop.TC_RC_Valid_Authentication_100.APIResponse(TC_RC_Valid_Authentication_100.java:139)
</failure>
    <system-out>mode is:sync
vehicle_registration_number is:GJ06AU0048
consent:Y
consent_text is:RC Lite is Verified by author
Map is:{consent_text=RC Lite is Verified by author, vehicle_registration_number=GJ06AU0048, consent=Y}
HTTP/1.1 503 Service Unavailable
access-control-allow-origin: *
x-dns-prefetch-control: off
x-frame-options: SAMEORIGIN
strict-transport-security: max-age=15552000; includeSubDomains
x-download-options: noopen
x-content-type-options: nosniff
x-xss-protection: 1; mode=block
content-type: application/json; charset=utf-8
content-length: 361
etag: W/&quot;169-LbrJu2CZr4XD2aiC0MohQOwbqWM&quot;
vary: Accept-Encoding
date: Thu, 29 Jul 2021 08:44:45 GMT
x-envoy-upstream-service-time: 52232
server: istio-envoy

{
    &quot;request_id&quot;: &quot;76d84bfa-c12a-4241-af08-a228b2a33557&quot;,
    &quot;task_id&quot;: &quot;15b8db6b-f0c8-4255-baf2-66d392f0dfcd&quot;,
    &quot;group_id&quot;: &quot;2aeeba58-1211-495e-9e03-a84abd84cb28&quot;,
    &quot;success&quot;: false,
    &quot;response_code&quot;: &quot;108&quot;,
    &quot;response_message&quot;: &quot;Source Error&quot;,
    &quot;metadata&quot;: {
        &quot;billable&quot;: &quot;N&quot;
    },
    &quot;result&quot;: null,
    &quot;request_timestamp&quot;: &quot;2021-07-29T08:43:53.492Z&quot;,
    &quot;response_timestamp&quot;: &quot;2021-07-29T08:44:45.702Z&quot;
}
MAP :{consent_text=RC Lite is Verified by author, vehicle_registration_number=GJ06AU0048, consent=Y}
user_name is :null
Response Code is :108
Response Message is :Source Error
Billable is :N
</system-out>
  </testcase>
  <testcase classname="Maven_Sample.Zoop.TC_Blank_API_key" name="APIResponse" time="0.492"/>
</testsuite>