<?xml version="1.0" encoding="UTF-8"?>
<!-- Generated by org.testng.reporters.JUnitReportReporter -->
<testsuite hostname="DESKTOP-SUCKV7U" failures="0" tests="1" name="Maven_Sample.Zoop.FirstClass" time="0.018" errors="0" timestamp="2021-07-29T13:01:22 IST" skipped="0">
  <testcase classname="Maven_Sample.Zoop.FirstClass" name="f" time="0.018"/>
  <system-out/>
</testsuite> <!-- Maven_Sample.Zoop.FirstClass -->
