<?xml version="1.0" encoding="UTF-8"?>
<!-- Generated by org.testng.reporters.JUnitReportReporter -->
<testsuite hostname="DESKTOP-SUCKV7U" failures="0" tests="1" name="Maven_Sample.Zoop.TC_RC_Valid_Authentication_100" time="7.195" errors="0" timestamp="2021-07-29T09:06:32 IST" skipped="0">
  <testcase classname="Maven_Sample.Zoop.TC_RC_Valid_Authentication_100" name="APIResponse" time="7.195"/>
  <system-out/>
</testsuite> <!-- Maven_Sample.Zoop.TC_RC_Valid_Authentication_100 -->
