<?xml version="1.0" encoding="UTF-8"?>
<!-- Generated by org.testng.reporters.JUnitReportReporter -->
<testsuite hostname="DESKTOP-SUCKV7U" failures="0" tests="1" name="Maven_Sample.Zoop.AppTest" time="0.028" errors="0" timestamp="2021-07-29T13:01:43 IST" skipped="0">
  <testcase classname="Maven_Sample.Zoop.AppTest" name="testApp" time="0.028"/>
  <system-out/>
</testsuite> <!-- Maven_Sample.Zoop.AppTest -->
