<?xml version="1.0" encoding="UTF-8"?>
<!-- Generated by org.testng.reporters.JUnitReportReporter -->
<testsuite skipped="0" hostname="DESKTOP-SUCKV7U" name="Maven_Sample.Zoop.TC_Blank_API_key" tests="1" failures="0" timestamp="2021-07-29T17:52:04 IST" time="4.846" errors="0">
  <testcase name="APIResponse" time="4.846" classname="Maven_Sample.Zoop.TC_Blank_API_key"/>
  <system-out/>
</testsuite> <!-- Maven_Sample.Zoop.TC_Blank_API_key -->
