<?xml version="1.0" encoding="UTF-8"?>
<!-- Generated by org.testng.reporters.JUnitReportReporter -->
<testsuite hostname="DESKTOP-SUCKV7U" failures="0" tests="1" name="Maven_Sample.Zoop.TC_Blank_API_key" time="4.425" errors="0" timestamp="29 Jul 2021 13:49:43 GMT">
  <testcase classname="Maven_Sample.Zoop.TC_Blank_API_key" name="APIResponse" time="4.425"/>
</testsuite> <!-- Maven_Sample.Zoop.TC_Blank_API_key -->
