<?xml version="1.0" encoding="UTF-8"?>
<!-- Generated by org.testng.reporters.JUnitReportReporter -->
<testsuite hostname="DESKTOP-SUCKV7U" failures="0" tests="1" name="Maven_Sample.Zoop.TC_Blank_API_key" time="1.175" errors="0" timestamp="2021-07-29T13:48:47 IST" skipped="0">
  <testcase classname="Maven_Sample.Zoop.TC_Blank_API_key" name="APIResponse" time="1.175"/>
  <system-out/>
</testsuite> <!-- Maven_Sample.Zoop.TC_Blank_API_key -->
