<?xml version="1.0" encoding="UTF-8"?>
<!-- Generated by org.testng.reporters.JUnitReportReporter -->
<testsuite hostname="DESKTOP-SUCKV7U" failures="0" tests="1" name="Maven_Sample.Zoop.TC1_AppTest" time="0.035" errors="0" timestamp="2021-07-29T09:03:48 IST" skipped="0">
  <testcase classname="Maven_Sample.Zoop.TC1_AppTest" name="testApp" time="0.035"/>
  <system-out/>
</testsuite> <!-- Maven_Sample.Zoop.TC1_AppTest -->
