<?xml version="1.0" encoding="UTF-8"?>
<!-- Generated by org.testng.reporters.JUnitReportReporter -->
<testsuite hostname="DESKTOP-SUCKV7U" name="Maven_Sample.Zoop.AppTest" tests="1" failures="0" timestamp="29 Jul 2021 14:54:35 GMT" time="0.002" errors="0">
  <testcase name="testApp" time="0.002" classname="Maven_Sample.Zoop.AppTest"/>
</testsuite> <!-- Maven_Sample.Zoop.AppTest -->
